#
# There is insufficient memory for the Java Runtime Environment to continue.
# Native memory allocation (malloc) failed to allocate 32744 bytes for ChunkPool::allocate
# Possible reasons:
#   The system is out of physical RAM or swap space
#   In 32 bit mode, the process size limit was hit
# Possible solutions:
#   Reduce memory load on the system
#   Increase physical memory or swap space
#   Check if swap backing store is full
#   Use 64 bit Java on a 64 bit OS
#   Decrease Java heap size (-Xmx/-Xms)
#   Decrease number of Java threads
#   Decrease Java thread stack sizes (-Xss)
#   Set larger code cache with -XX:ReservedCodeCacheSize=
# This output file may be truncated or incomplete.
#
#  Out of Memory Error (allocation.cpp:273), pid=5668, tid=0x0000000000000dd4
#
# JRE version: OpenJDK Runtime Environment (8.0_112-b06) (build 1.8.0_112-release-b06)
# Java VM: OpenJDK 64-Bit Server VM (25.112-b06 mixed mode windows-amd64 compressed oops)
# Failed to write core dump. Minidumps are not enabled by default on client versions of Windows
#

---------------  T H R E A D  ---------------

Current thread (0x0000000016120000):  JavaThread "C2 CompilerThread1" daemon [_thread_in_native, id=3540, stack(0x0000000017870000,0x0000000017970000)]

Stack: [0x0000000017870000,0x0000000017970000]
[error occurred during error reporting (printing stack bounds), id 0xc0000005]

Native frames: (J=compiled Java code, j=interpreted, Vv=VM code, C=native code)


Current CompileTask:
C2:6216194 19896   !   4       java.io.ObjectOutputStream::writeObject0 (619 bytes)


---------------  P R O C E S S  ---------------

Java Threads: ( => current thread )
  0x000000001b5bd800 JavaThread "Forward streams with process: command 'C:\Program Files\Android\Android Studio\jre\bin\java.exe' Thread 3" [_thread_in_native, id=9360, stack(0x000000002c4b0000,0x000000002c5b0000)]
  0x000000001b5bc800 JavaThread "Forward streams with process: command 'C:\Program Files\Android\Android Studio\jre\bin\java.exe' Thread 2" [_thread_in_native, id=13844, stack(0x000000002c3b0000,0x000000002c4b0000)]
  0x000000001b5bf000 JavaThread "Run command 'C:\Program Files\Android\Android Studio\jre\bin\java.exe'" [_thread_in_native, id=5364, stack(0x000000002c0b0000,0x000000002c1b0000)]
  0x000000001b5bf800 JavaThread "pool-14-thread-2" [_thread_blocked, id=16196, stack(0x000000002bfb0000,0x000000002c0b0000)]
  0x000000001b5b9800 JavaThread "pool-17-thread-2" [_thread_blocked, id=4756, stack(0x000000002b8b0000,0x000000002b9b0000)]
  0x000000001b5b5000 JavaThread "pool-17-thread-1" [_thread_blocked, id=10616, stack(0x000000002b7b0000,0x000000002b8b0000)]
  0x000000001b5b8800 JavaThread "Cache update executor" [_thread_blocked, id=15292, stack(0x000000002b6b0000,0x000000002b7b0000)]
  0x000000001b5b1000 JavaThread "Asynchronous log dispatcher for DefaultDaemonConnection: socket connection from /127.0.0.1:59374 to /127.0.0.1:54134" [_thread_in_vm, id=8000, stack(0x000000002b4b0000,0x000000002b5b0000)]
  0x000000001b5b4000 JavaThread "Daemon worker Thread 6" [_thread_blocked, id=6944, stack(0x000000002b3b0000,0x000000002b4b0000)]
  0x000000001c777000 JavaThread "Cancel handler" [_thread_blocked, id=7380, stack(0x000000002b2b0000,0x000000002b3b0000)]
  0x000000001c77b800 JavaThread "Handler for socket connection from /127.0.0.1:59374 to /127.0.0.1:54134" [_thread_blocked, id=16272, stack(0x000000002b1b0000,0x000000002b2b0000)]
  0x000000001c77a000 JavaThread "Daemon Thread 6" [_thread_blocked, id=14768, stack(0x000000002b0b0000,0x000000002b1b0000)]
  0x000000001c77a800 JavaThread "pool-14-thread-1" [_thread_blocked, id=13468, stack(0x000000002a7b0000,0x000000002a8b0000)]
  0x00000000193bd000 JavaThread "File lock request listener" [_thread_in_native, id=11124, stack(0x000000001bd10000,0x000000001be10000)]
  0x00000000180a3800 JavaThread "pool-1-thread-1" [_thread_blocked, id=10612, stack(0x000000001a640000,0x000000001a740000)]
  0x0000000018111000 JavaThread "Incoming local TCP Connector on port 59374" [_thread_in_native, id=10568, stack(0x0000000019d80000,0x0000000019e80000)]
  0x0000000017a96000 JavaThread "Service Thread" daemon [_thread_blocked, id=13444, stack(0x0000000017e70000,0x0000000017f70000)]
  0x0000000016125800 JavaThread "C1 CompilerThread2" daemon [_thread_blocked, id=108, stack(0x0000000017970000,0x0000000017a70000)]
=>0x0000000016120000 JavaThread "C2 CompilerThread1" daemon [_thread_in_native, id=3540, stack(0x0000000017870000,0x0000000017970000)]
  0x000000001611d800 JavaThread "C2 CompilerThread0" daemon [_thread_blocked, id=2544, stack(0x0000000017770000,0x0000000017870000)]
  0x000000001611c000 JavaThread "Attach Listener" daemon [_thread_blocked, id=10868, stack(0x0000000017670000,0x0000000017770000)]
  0x000000001611b000 JavaThread "Signal Dispatcher" daemon [_thread_blocked, id=15960, stack(0x0000000017570000,0x0000000017670000)]
  0x0000000016108800 JavaThread "Finalizer" daemon [_thread_blocked, id=10104, stack(0x0000000017380000,0x0000000017480000)]
  0x00000000027a1000 JavaThread "Reference Handler" daemon [_thread_blocked, id=9104, stack(0x0000000017280000,0x0000000017380000)]
  0x00000000025ae000 JavaThread "main" [_thread_blocked, id=9868, stack(0x00000000025b0000,0x00000000026b0000)]

Other Threads:
  0x00000000160e7000 VMThread [stack: 0x0000000017180000,0x0000000017280000] [id=12704]
  0x0000000017a97800 WatcherThread [stack: 0x0000000017f70000,0x0000000018070000] [id=13748]

VM state:synchronizing (normal execution)

VM Mutex/Monitor currently owned by a thread:  ([mutex/lock_event])
[0x00000000025acd40] Threads_lock - owner thread: 0x00000000160e7000

Heap:
 PSYoungGen      total 203264K, used 149423K [0x00000000e0000000, 0x00000000f2f80000, 0x0000000100000000)
  eden space 113664K, 89% used [0x00000000e0000000,0x00000000e63309e8,0x00000000e6f00000)
  from space 89600K, 53% used [0x00000000e6f00000,0x00000000e9dbb328,0x00000000ec680000)
  to   space 91136K, 0% used [0x00000000ed680000,0x00000000ed680000,0x00000000f2f80000)
 ParOldGen       total 250880K, used 93115K [0x00000000a0000000, 0x00000000af500000, 0x00000000e0000000)
  object space 250880K, 37% used [0x00000000a0000000,0x00000000a5aeecc0,0x00000000af500000)
 Metaspace       used 77093K, capacity 81332K, committed 81664K, reserved 1120256K
  class space    used 9779K, capacity 10613K, committed 10752K, reserved 1048576K

Card table byte_map: [0x0000000011b70000,0x0000000011e80000] byte_map_base: 0x0000000011670000

Marking Bits: (ParMarkBitMap*) 0x00000000627218f0
 Begin Bits: [0x0000000012480000, 0x0000000013c80000)
 End Bits:   [0x0000000013c80000, 0x0000000015480000)

Polling page: 0x00000000006d0000

CodeCache: size=245760Kb used=60737Kb max_used=60781Kb free=185022Kb
 bounds [0x00000000027b0000, 0x0000000006360000, 0x00000000117b0000]
 total_blobs=16281 nmethods=15461 adapters=731
 compilation: enabled

Compilation events (10 events):
Event: 6135.126 Thread 0x0000000016125800 nmethod 19892 0x0000000006331710 code [0x00000000063318a0, 0x0000000006331db8]
Event: 6135.127 Thread 0x0000000016120000 nmethod 19891 0x000000000632e750 code [0x000000000632e8a0, 0x000000000632e958]
Event: 6135.144 Thread 0x0000000016125800 19893   !   3       java.lang.ThreadGroup::remove (94 bytes)
Event: 6135.146 Thread 0x0000000016125800 nmethod 19893 0x0000000006330b10 code [0x0000000006330cc0, 0x0000000006331388]
Event: 6135.736 Thread 0x000000001611d800 nmethod 19864 0x0000000006342f90 code [0x0000000006343a20, 0x000000000634d058]
Event: 6199.977 Thread 0x0000000016125800 19894   !   3       sun.reflect.GeneratedConstructorAccessor1::newInstance (49 bytes)
Event: 6199.978 Thread 0x0000000016125800 nmethod 19894 0x0000000006341fd0 code [0x00000000063421c0, 0x0000000006342ac8]
Event: 6199.979 Thread 0x0000000016125800 19895       3       java.lang.Class::getDeclaredConstructor (16 bytes)
Event: 6199.979 Thread 0x0000000016125800 nmethod 19895 0x0000000006341b50 code [0x0000000006341ce0, 0x0000000006341ee8]
Event: 6199.980 Thread 0x0000000016120000 19896   !   4       java.io.ObjectOutputStream::writeObject0 (619 bytes)

GC Heap History (10 events):
Event: 5148.735 GC heap before
{Heap before GC invocations=35 (full 4):
 PSYoungGen      total 185344K, used 98644K [0x00000000e0000000, 0x00000000f2680000, 0x0000000100000000)
  eden space 98816K, 99% used [0x00000000e0000000,0x00000000e6055328,0x00000000e6080000)
  from space 86528K, 0% used [0x00000000ebf80000,0x00000000ebf80000,0x00000000f1400000)
  to   space 97280K, 0% used [0x00000000e6080000,0x00000000e6080000,0x00000000ebf80000)
 ParOldGen       total 250880K, used 93083K [0x00000000a0000000, 0x00000000af500000, 0x00000000e0000000)
  object space 250880K, 37% used [0x00000000a0000000,0x00000000a5ae6cc0,0x00000000af500000)
 Metaspace       used 76636K, capacity 80650K, committed 81408K, reserved 1120256K
  class space    used 9742K, capacity 10578K, committed 10752K, reserved 1048576K
Event: 5148.740 GC heap after
Heap after GC invocations=35 (full 4):
 PSYoungGen      total 196096K, used 277K [0x00000000e0000000, 0x00000000f2880000, 0x0000000100000000)
  eden space 98816K, 0% used [0x00000000e0000000,0x00000000e0000000,0x00000000e6080000)
  from space 97280K, 0% used [0x00000000e6080000,0x00000000e60c55f8,0x00000000ebf80000)
  to   space 97792K, 0% used [0x00000000ec900000,0x00000000ec900000,0x00000000f2880000)
 ParOldGen       total 250880K, used 93083K [0x00000000a0000000, 0x00000000af500000, 0x00000000e0000000)
  object space 250880K, 37% used [0x00000000a0000000,0x00000000a5ae6cc0,0x00000000af500000)
 Metaspace       used 76636K, capacity 80650K, committed 81408K, reserved 1120256K
  class space    used 9742K, capacity 10578K, committed 10752K, reserved 1048576K
}
Event: 6115.156 GC heap before
{Heap before GC invocations=36 (full 4):
 PSYoungGen      total 196096K, used 99093K [0x00000000e0000000, 0x00000000f2880000, 0x0000000100000000)
  eden space 98816K, 100% used [0x00000000e0000000,0x00000000e6080000,0x00000000e6080000)
  from space 97280K, 0% used [0x00000000e6080000,0x00000000e60c55f8,0x00000000ebf80000)
  to   space 97792K, 0% used [0x00000000ec900000,0x00000000ec900000,0x00000000f2880000)
 ParOldGen       total 250880K, used 93083K [0x00000000a0000000, 0x00000000af500000, 0x00000000e0000000)
  object space 250880K, 37% used [0x00000000a0000000,0x00000000a5ae6cc0,0x00000000af500000)
 Metaspace       used 76799K, capacity 80900K, committed 81408K, reserved 1120256K
  class space    used 9766K, capacity 10595K, committed 10752K, reserved 1048576K
Event: 6115.190 GC heap after
Heap after GC invocations=36 (full 4):
 PSYoungGen      total 199680K, used 3094K [0x00000000e0000000, 0x00000000f2400000, 0x0000000100000000)
  eden space 106496K, 0% used [0x00000000e0000000,0x00000000e0000000,0x00000000e6800000)
  from space 93184K, 3% used [0x00000000ec900000,0x00000000ecc05a58,0x00000000f2400000)
  to   space 96256K, 0% used [0x00000000e6800000,0x00000000e6800000,0x00000000ec600000)
 ParOldGen       total 250880K, used 93091K [0x00000000a0000000, 0x00000000af500000, 0x00000000e0000000)
  object space 250880K, 37% used [0x00000000a0000000,0x00000000a5ae8cc0,0x00000000af500000)
 Metaspace       used 76799K, capacity 80900K, committed 81408K, reserved 1120256K
  class space    used 9766K, capacity 10595K, committed 10752K, reserved 1048576K
}
Event: 6120.826 GC heap before
{Heap before GC invocations=37 (full 4):
 PSYoungGen      total 199680K, used 109589K [0x00000000e0000000, 0x00000000f2400000, 0x0000000100000000)
  eden space 106496K, 99% used [0x00000000e0000000,0x00000000e67ffc80,0x00000000e6800000)
  from space 93184K, 3% used [0x00000000ec900000,0x00000000ecc05a58,0x00000000f2400000)
  to   space 96256K, 0% used [0x00000000e6800000,0x00000000e6800000,0x00000000ec600000)
 ParOldGen       total 250880K, used 93091K [0x00000000a0000000, 0x00000000af500000, 0x00000000e0000000)
  object space 250880K, 37% used [0x00000000a0000000,0x00000000a5ae8cc0,0x00000000af500000)
 Metaspace       used 76846K, capacity 80982K, committed 81408K, reserved 1120256K
  class space    used 9768K, capacity 10598K, committed 10752K, reserved 1048576K
Event: 6120.854 GC heap after
Heap after GC invocations=37 (full 4):
 PSYoungGen      total 202752K, used 7160K [0x00000000e0000000, 0x00000000f2600000, 0x0000000100000000)
  eden space 106496K, 0% used [0x00000000e0000000,0x00000000e0000000,0x00000000e6800000)
  from space 96256K, 7% used [0x00000000e6800000,0x00000000e6efe108,0x00000000ec600000)
  to   space 93696K, 0% used [0x00000000eca80000,0x00000000eca80000,0x00000000f2600000)
 ParOldGen       total 250880K, used 93099K [0x00000000a0000000, 0x00000000af500000, 0x00000000e0000000)
  object space 250880K, 37% used [0x00000000a0000000,0x00000000a5aeacc0,0x00000000af500000)
 Metaspace       used 76846K, capacity 80982K, committed 81408K, reserved 1120256K
  class space    used 9768K, capacity 10598K, committed 10752K, reserved 1048576K
}
Event: 6128.796 GC heap before
{Heap before GC invocations=38 (full 4):
 PSYoungGen      total 202752K, used 113656K [0x00000000e0000000, 0x00000000f2600000, 0x0000000100000000)
  eden space 106496K, 100% used [0x00000000e0000000,0x00000000e6800000,0x00000000e6800000)
  from space 96256K, 7% used [0x00000000e6800000,0x00000000e6efe108,0x00000000ec600000)
  to   space 93696K, 0% used [0x00000000eca80000,0x00000000eca80000,0x00000000f2600000)
 ParOldGen       total 250880K, used 93099K [0x00000000a0000000, 0x00000000af500000, 0x00000000e0000000)
  object space 250880K, 37% used [0x00000000a0000000,0x00000000a5aeacc0,0x00000000af500000)
 Metaspace       used 76887K, capacity 81052K, committed 81408K, reserved 1120256K
  class space    used 9768K, capacity 10599K, committed 10752K, reserved 1048576K
Event: 6128.825 GC heap after
Heap after GC invocations=38 (full 4):
 PSYoungGen      total 199168K, used 13668K [0x00000000e0000000, 0x00000000f1e00000, 0x0000000100000000)
  eden space 113664K, 0% used [0x00000000e0000000,0x00000000e0000000,0x00000000e6f00000)
  from space 85504K, 15% used [0x00000000eca80000,0x00000000ed7d9270,0x00000000f1e00000)
  to   space 89600K, 0% used [0x00000000e6f00000,0x00000000e6f00000,0x00000000ec680000)
 ParOldGen       total 250880K, used 93107K [0x00000000a0000000, 0x00000000af500000, 0x00000000e0000000)
  object space 250880K, 37% used [0x00000000a0000000,0x00000000a5aeccc0,0x00000000af500000)
 Metaspace       used 76887K, capacity 81052K, committed 81408K, reserved 1120256K
  class space    used 9768K, capacity 10599K, committed 10752K, reserved 1048576K
}
Event: 6130.388 GC heap before
{Heap before GC invocations=39 (full 4):
 PSYoungGen      total 199168K, used 127332K [0x00000000e0000000, 0x00000000f1e00000, 0x0000000100000000)
  eden space 113664K, 100% used [0x00000000e0000000,0x00000000e6f00000,0x00000000e6f00000)
  from space 85504K, 15% used [0x00000000eca80000,0x00000000ed7d9270,0x00000000f1e00000)
  to   space 89600K, 0% used [0x00000000e6f00000,0x00000000e6f00000,0x00000000ec680000)
 ParOldGen       total 250880K, used 93107K [0x00000000a0000000, 0x00000000af500000, 0x00000000e0000000)
  object space 250880K, 37% used [0x00000000a0000000,0x00000000a5aeccc0,0x00000000af500000)
 Metaspace       used 76974K, capacity 81116K, committed 81664K, reserved 1120256K
  class space    used 9768K, capacity 10599K, committed 10752K, reserved 1048576K
Event: 6130.439 GC heap after
Heap after GC invocations=39 (full 4):
 PSYoungGen      total 203264K, used 47852K [0x00000000e0000000, 0x00000000f2f80000, 0x0000000100000000)
  eden space 113664K, 0% used [0x00000000e0000000,0x00000000e0000000,0x00000000e6f00000)
  from space 89600K, 53% used [0x00000000e6f00000,0x00000000e9dbb328,0x00000000ec680000)
  to   space 91136K, 0% used [0x00000000ed680000,0x00000000ed680000,0x00000000f2f80000)
 ParOldGen       total 250880K, used 93115K [0x00000000a0000000, 0x00000000af500000, 0x00000000e0000000)
  object space 250880K, 37% used [0x00000000a0000000,0x00000000a5aeecc0,0x00000000af500000)
 Metaspace       used 76974K, capacity 81116K, committed 81664K, reserved 1120256K
  class space    used 9768K, capacity 10599K, committed 10752K, reserved 1048576K
}

Deoptimization events (10 events):
Event: 6198.359 Thread 0x00000000180a3800 Uncommon trap: reason=class_check action=maybe_recompile pc=0x0000000004ed1990 method=java.io.PrintWriter.newLine()V @ 19
Event: 6198.359 Thread 0x00000000180a3800 Uncommon trap: reason=class_check action=maybe_recompile pc=0x0000000004639348 method=java.io.PrintWriter.write(Ljava/lang/String;II)V @ 19
Event: 6198.359 Thread 0x00000000180a3800 Uncommon trap: reason=class_check action=maybe_recompile pc=0x0000000004ed1990 method=java.io.PrintWriter.newLine()V @ 19
Event: 6198.359 Thread 0x00000000180a3800 Uncommon trap: reason=class_check action=maybe_recompile pc=0x0000000004639348 method=java.io.PrintWriter.write(Ljava/lang/String;II)V @ 19
Event: 6198.359 Thread 0x00000000180a3800 Uncommon trap: reason=class_check action=maybe_recompile pc=0x0000000004ed1990 method=java.io.PrintWriter.newLine()V @ 19
Event: 6198.363 Thread 0x000000001b5b1000 Uncommon trap: reason=class_check action=maybe_recompile pc=0x0000000005326abc method=java.io.ObjectOutputStream.writeObject0(Ljava/lang/Object;Z)V @ 240
Event: 6199.079 Thread 0x000000001b5b1000 Uncommon trap: reason=unstable_if action=reinterpret pc=0x000000000395cb78 method=java.lang.ref.SoftReference.get()Ljava/lang/Object; @ 6
Event: 6199.976 Thread 0x000000001b5b1000 Uncommon trap: reason=class_check action=maybe_recompile pc=0x0000000005326abc method=java.io.ObjectOutputStream.writeObject0(Ljava/lang/Object;Z)V @ 240
Event: 6199.977 Thread 0x000000001b5b1000 Uncommon trap: reason=class_check action=maybe_recompile pc=0x0000000005326abc method=java.io.ObjectOutputStream.writeObject0(Ljava/lang/Object;Z)V @ 240
Event: 6199.978 Thread 0x000000001b5b1000 Uncommon trap: reason=class_check action=maybe_recompile pc=0x0000000005326abc method=java.io.ObjectOutputStream.writeObject0(Ljava/lang/Object;Z)V @ 240

Internal exceptions (10 events):
Event: 6113.291 Thread 0x000000001b5b4000 Exception <a 'sun/nio/fs/WindowsException'> (0x00000000e4fe8670) thrown at [C:\src\android\AOSP-openjdk\external\jetbrains\jdk\hotspot\src\share\vm\prims\jni.cpp, line 709]
Event: 6113.292 Thread 0x000000001b5b4000 Exception <a 'sun/nio/fs/WindowsException'> (0x00000000e4feac78) thrown at [C:\src\android\AOSP-openjdk\external\jetbrains\jdk\hotspot\src\share\vm\prims\jni.cpp, line 709]
Event: 6113.292 Thread 0x000000001b5b4000 Exception <a 'sun/nio/fs/WindowsException'> (0x00000000e4feb7d0) thrown at [C:\src\android\AOSP-openjdk\external\jetbrains\jdk\hotspot\src\share\vm\prims\jni.cpp, line 709]
Event: 6113.292 Thread 0x000000001b5b4000 Exception <a 'sun/nio/fs/WindowsException'> (0x00000000e4fed370) thrown at [C:\src\android\AOSP-openjdk\external\jetbrains\jdk\hotspot\src\share\vm\prims\jni.cpp, line 709]
Event: 6113.292 Thread 0x000000001b5b4000 Exception <a 'sun/nio/fs/WindowsException'> (0x00000000e4fedf00) thrown at [C:\src\android\AOSP-openjdk\external\jetbrains\jdk\hotspot\src\share\vm\prims\jni.cpp, line 709]
Event: 6118.683 Thread 0x000000001b5b4000 Implicit null exception at 0x00000000045716d0 to 0x0000000004571919
Event: 6129.556 Thread 0x000000001b5b4000 Implicit null exception at 0x00000000060b11bc to 0x00000000060b17c1
Event: 6196.516 Thread 0x00000000180a3800 Implicit null exception at 0x000000000442869f to 0x000000000442cc98
Event: 6197.114 Thread 0x00000000180a3800 Exception <a 'java/lang/NullPointerException'> (0x00000000e6224740) thrown at [C:\src\android\AOSP-openjdk\external\jetbrains\jdk\hotspot\src\share\vm\runtime\sharedRuntime.cpp, line 605]
Event: 6199.977 Thread 0x000000001b5b1000 Exception <a 'java/lang/NoSuchMethodError': <clinit>> (0x00000000e6270468) thrown at [C:\src\android\AOSP-openjdk\external\jetbrains\jdk\hotspot\src\share\vm\prims\jni.cpp, line 1613]

Events (10 events):
Event: 6199.965 loading class org/gradle/internal/serialize/ExceptionPlaceholder$1 done
Event: 6199.976 Thread 0x000000001b5b1000 Uncommon trap: trap_request=0xffffffde fr.pc=0x0000000005326abc
Event: 6199.976 Thread 0x000000001b5b1000 DEOPT PACKING pc=0x0000000005326abc sp=0x000000002b5ae790
Event: 6199.976 Thread 0x000000001b5b1000 DEOPT UNPACKING pc=0x00000000027f556a sp=0x000000002b5ae7d0 mode 2
Event: 6199.977 Thread 0x000000001b5b1000 Uncommon trap: trap_request=0xffffffde fr.pc=0x0000000005326abc
Event: 6199.977 Thread 0x000000001b5b1000 DEOPT PACKING pc=0x0000000005326abc sp=0x000000002b5adb10
Event: 6199.977 Thread 0x000000001b5b1000 DEOPT UNPACKING pc=0x00000000027f556a sp=0x000000002b5adb50 mode 2
Event: 6199.978 Thread 0x000000001b5b1000 Uncommon trap: trap_request=0xffffffde fr.pc=0x0000000005326abc
Event: 6199.978 Thread 0x000000001b5b1000 DEOPT PACKING pc=0x0000000005326abc sp=0x000000002b5ad9b0
Event: 6199.978 Thread 0x000000001b5b1000 DEOPT UNPACKING pc=0x00000000027f556a sp=0x000000002b5ada08 mode 2


Dynamic libraries:
0x00007ff7086c0000 - 0x00007ff7086f1000 	C:\Program Files\Android\Android Studio\jre\bin\java.exe
0x00007fff33fc0000 - 0x00007fff3419b000 	C:\WINDOWS\SYSTEM32\ntdll.dll
0x00007fff32ed0000 - 0x00007fff32f7e000 	C:\WINDOWS\System32\KERNEL32.DLL
0x00007fff304e0000 - 0x00007fff30729000 	C:\WINDOWS\System32\KERNELBASE.dll
0x00007fff10460000 - 0x00007fff10507000 	C:\Program Files\Bitdefender\Bitdefender Security\atcuf\262824135760000000\atcuf64.dll
0x00007fff33150000 - 0x00007fff331f1000 	C:\WINDOWS\System32\ADVAPI32.dll
0x00007fff33200000 - 0x00007fff3329d000 	C:\WINDOWS\System32\msvcrt.dll
0x00007fff33650000 - 0x00007fff336a9000 	C:\WINDOWS\System32\sechost.dll
0x00007fff33750000 - 0x00007fff33875000 	C:\WINDOWS\System32\RPCRT4.dll
0x00007fff31810000 - 0x00007fff3195a000 	C:\WINDOWS\System32\USER32.dll
0x00007fff31500000 - 0x00007fff3151e000 	C:\WINDOWS\System32\win32u.dll
0x00007fff33720000 - 0x00007fff33747000 	C:\WINDOWS\System32\GDI32.dll
0x00007fff30730000 - 0x00007fff308b8000 	C:\WINDOWS\System32\gdi32full.dll
0x00007fff31240000 - 0x00007fff312da000 	C:\WINDOWS\System32\msvcp_win.dll
0x00007fff312e0000 - 0x00007fff313d6000 	C:\WINDOWS\System32\ucrtbase.dll
0x00007fff17810000 - 0x00007fff17a77000 	C:\WINDOWS\WinSxS\amd64_microsoft.windows.common-controls_6595b64144ccf1df_6.0.15063.483_none_26002d27e7c744a2\COMCTL32.dll
0x00007fff33880000 - 0x00007fff33b79000 	C:\WINDOWS\System32\combase.dll
0x00007fff31490000 - 0x00007fff314fa000 	C:\WINDOWS\System32\bcryptPrimitives.dll
0x00007fff33480000 - 0x00007fff334ad000 	C:\WINDOWS\System32\IMM32.DLL
0x0000000063cf0000 - 0x0000000063dc2000 	C:\Program Files\Android\Android Studio\jre\jre\bin\msvcr100.dll
0x0000000061f60000 - 0x000000006279c000 	C:\Program Files\Android\Android Studio\jre\jre\bin\server\jvm.dll
0x00007fff332a0000 - 0x00007fff332a8000 	C:\WINDOWS\System32\PSAPI.DLL
0x00007fff2bb90000 - 0x00007fff2bb99000 	C:\WINDOWS\SYSTEM32\WSOCK32.dll
0x00007fff32f80000 - 0x00007fff32fec000 	C:\WINDOWS\System32\WS2_32.dll
0x00007fff2c200000 - 0x00007fff2c223000 	C:\WINDOWS\SYSTEM32\WINMM.dll
0x00007fff2a6d0000 - 0x00007fff2a6da000 	C:\WINDOWS\SYSTEM32\VERSION.dll
0x00007fff2c000000 - 0x00007fff2c02b000 	C:\WINDOWS\SYSTEM32\WINMMBASE.dll
0x00007fff30920000 - 0x00007fff30969000 	C:\WINDOWS\System32\cfgmgr32.dll
0x00007fff288c0000 - 0x00007fff288cf000 	C:\Program Files\Android\Android Studio\jre\jre\bin\verify.dll
0x00007ffefc930000 - 0x00007ffefc959000 	C:\Program Files\Android\Android Studio\jre\jre\bin\java.dll
0x00007fff28780000 - 0x00007fff28796000 	C:\Program Files\Android\Android Studio\jre\jre\bin\zip.dll
0x00007fff31960000 - 0x00007fff32d97000 	C:\WINDOWS\System32\SHELL32.dll
0x00007fff32e20000 - 0x00007fff32eca000 	C:\WINDOWS\System32\shcore.dll
0x00007fff30b40000 - 0x00007fff31233000 	C:\WINDOWS\System32\windows.storage.dll
0x00007fff32ff0000 - 0x00007fff33041000 	C:\WINDOWS\System32\shlwapi.dll
0x00007fff304c0000 - 0x00007fff304d1000 	C:\WINDOWS\System32\kernel.appcore.dll
0x00007fff30450000 - 0x00007fff3049c000 	C:\WINDOWS\System32\powrprof.dll
0x00007fff304a0000 - 0x00007fff304b5000 	C:\WINDOWS\System32\profapi.dll
0x00007fff17e50000 - 0x00007fff17e6a000 	C:\Program Files\Android\Android Studio\jre\jre\bin\net.dll
0x00007fff2fce0000 - 0x00007fff2fd3c000 	C:\WINDOWS\system32\mswsock.dll
0x00007fff13a80000 - 0x00007fff13a91000 	C:\Program Files\Android\Android Studio\jre\jre\bin\nio.dll
0x00007ffefc910000 - 0x00007ffefc92e000 	C:\Users\Rahul Singh\.gradle\native\23\windows-amd64\native-platform.dll
0x00007fff2fe80000 - 0x00007fff2fe97000 	C:\WINDOWS\SYSTEM32\CRYPTSP.dll
0x00007fff2f900000 - 0x00007fff2f934000 	C:\WINDOWS\system32\rsaenh.dll
0x00007fff2fff0000 - 0x00007fff30015000 	C:\WINDOWS\SYSTEM32\bcrypt.dll
0x00007fff30360000 - 0x00007fff30389000 	C:\WINDOWS\SYSTEM32\USERENV.dll
0x00007fff2fea0000 - 0x00007fff2feab000 	C:\WINDOWS\SYSTEM32\CRYPTBASE.dll
0x00007fff2fa80000 - 0x00007fff2fab7000 	C:\WINDOWS\SYSTEM32\IPHLPAPI.DLL
0x00007fff317e0000 - 0x00007fff317e8000 	C:\WINDOWS\System32\NSI.dll
0x00007fff2a4e0000 - 0x00007fff2a4f6000 	C:\WINDOWS\SYSTEM32\dhcpcsvc6.DLL
0x00007fff2a520000 - 0x00007fff2a53a000 	C:\WINDOWS\SYSTEM32\dhcpcsvc.DLL
0x00007fff287f0000 - 0x00007fff287fd000 	C:\Program Files\Android\Android Studio\jre\jre\bin\management.dll
0x00007fff17330000 - 0x00007fff17354000 	C:\Program Files\Android\Android Studio\jre\jre\bin\sunec.dll
0x00007fff2fac0000 - 0x00007fff2fb64000 	C:\WINDOWS\SYSTEM32\DNSAPI.dll
0x0000000063a70000 - 0x0000000063a96000 	C:\Program Files\Bonjour\mdnsNSP.dll
0x00007fff2b5d0000 - 0x00007fff2b5da000 	C:\Windows\System32\rasadhlp.dll
0x00007fff285a0000 - 0x00007fff2860b000 	C:\WINDOWS\System32\fwpuclnt.dll
0x00007fff2c820000 - 0x00007fff2c82b000 	C:\Program Files\Android\Android Studio\jre\jre\bin\sunmscapi.dll
0x00007fff30970000 - 0x00007fff30b39000 	C:\WINDOWS\System32\CRYPT32.dll
0x00007fff30430000 - 0x00007fff30441000 	C:\WINDOWS\System32\MSASN1.dll

VM Arguments:
jvm_args: -Xmx1536m -Dfile.encoding=windows-1252 -Duser.country=US -Duser.language=en -Duser.variant 
java_command: org.gradle.launcher.daemon.bootstrap.GradleDaemon 3.3
java_class_path (initial): C:\Users\Rahul Singh\.gradle\wrapper\dists\gradle-3.3-all\55gk2rcmfc6p2dg9u9ohc3hw9\gradle-3.3\lib\gradle-launcher-3.3.jar
Launcher Type: SUN_STANDARD

Environment Variables:
